<?xml version="1.0" encoding="UTF-8"?>
<testsuite name="com.example.demo.DemoApplicationTests" tests="1" skipped="0" failures="0" errors="0" timestamp="2024-03-21T04:40:20" hostname="gimseongmin-ui-MacBookPro.local" time="0.273">
  <properties/>
  <testcase name="contextLoads()" classname="com.example.demo.DemoApplicationTests" time="0.273"/>
  <system-out><![CDATA[13:40:18.666 [Test worker] INFO org.springframework.test.context.support.AnnotationConfigContextLoaderUtils -- Could not detect default configuration classes for test class [com.example.demo.DemoApplicationTests]: DemoApplicationTests does not declare any static, non-private, non-final, nested classes annotated with @Configuration.
13:40:18.704 [Test worker] INFO org.springframework.boot.test.context.SpringBootTestContextBootstrapper -- Found @SpringBootConfiguration com.example.demo.DemoApplication for test class com.example.demo.DemoApplicationTests

  .   ____          _            __ _ _
 /\\ / ___'_ __ _ _(_)_ __  __ _ \ \ \ \
( ( )\___ | '_ | '_| | '_ \/ _` | \ \ \ \
 \\/  ___)| |_)| | | | | || (_| |  ) ) ) )
  '  |____| .__|_| |_|_| |_\__, | / / / /
 =========|_|==============|___/=/_/_/_/
 :: Spring Boot ::                (v3.2.3)

2024-03-21T13:40:18.832+09:00  INFO 3466 --- [demo] [    Test worker] com.example.demo.DemoApplicationTests    : Starting DemoApplicationTests using Java 17.0.8 with PID 3466 (started by sungminkim in /Users/sungminkim/Downloads/demo 2)
2024-03-21T13:40:18.832+09:00  INFO 3466 --- [demo] [    Test worker] com.example.demo.DemoApplicationTests    : No active profile set, falling back to 1 default profile: "default"
2024-03-21T13:40:19.141+09:00  INFO 3466 --- [demo] [    Test worker] .s.d.r.c.RepositoryConfigurationDelegate : Multiple Spring Data modules found, entering strict repository configuration mode
2024-03-21T13:40:19.142+09:00  INFO 3466 --- [demo] [    Test worker] .s.d.r.c.RepositoryConfigurationDelegate : Bootstrapping Spring Data JPA repositories in DEFAULT mode.
2024-03-21T13:40:19.201+09:00  INFO 3466 --- [demo] [    Test worker] .s.d.r.c.RepositoryConfigurationDelegate : Finished Spring Data repository scanning in 56 ms. Found 3 JPA repository interfaces.
2024-03-21T13:40:19.208+09:00  INFO 3466 --- [demo] [    Test worker] .s.d.r.c.RepositoryConfigurationDelegate : Multiple Spring Data modules found, entering strict repository configuration mode
2024-03-21T13:40:19.209+09:00  INFO 3466 --- [demo] [    Test worker] .s.d.r.c.RepositoryConfigurationDelegate : Bootstrapping Spring Data Redis repositories in DEFAULT mode.
2024-03-21T13:40:19.215+09:00  INFO 3466 --- [demo] [    Test worker] .RepositoryConfigurationExtensionSupport : Spring Data Redis - Could not safely identify store assignment for repository candidate interface com.example.demo.repository.FinancialProductRepository; If you want this repository to be a Redis repository, consider annotating your entities with one of these annotations: org.springframework.data.redis.core.RedisHash (preferred), or consider extending one of the following types with your repository: org.springframework.data.keyvalue.repository.KeyValueRepository
2024-03-21T13:40:19.215+09:00  INFO 3466 --- [demo] [    Test worker] .RepositoryConfigurationExtensionSupport : Spring Data Redis - Could not safely identify store assignment for repository candidate interface com.example.demo.repository.QuizRepository; If you want this repository to be a Redis repository, consider annotating your entities with one of these annotations: org.springframework.data.redis.core.RedisHash (preferred), or consider extending one of the following types with your repository: org.springframework.data.keyvalue.repository.KeyValueRepository
2024-03-21T13:40:19.215+09:00  INFO 3466 --- [demo] [    Test worker] .RepositoryConfigurationExtensionSupport : Spring Data Redis - Could not safely identify store assignment for repository candidate interface com.example.demo.users.repository.UserRepository; If you want this repository to be a Redis repository, consider annotating your entities with one of these annotations: org.springframework.data.redis.core.RedisHash (preferred), or consider extending one of the following types with your repository: org.springframework.data.keyvalue.repository.KeyValueRepository
2024-03-21T13:40:19.215+09:00  INFO 3466 --- [demo] [    Test worker] .s.d.r.c.RepositoryConfigurationDelegate : Finished Spring Data repository scanning in 4 ms. Found 0 Redis repository interfaces.
2024-03-21T13:40:19.413+09:00  INFO 3466 --- [demo] [    Test worker] o.hibernate.jpa.internal.util.LogHelper  : HHH000204: Processing PersistenceUnitInfo [name: default]
2024-03-21T13:40:19.430+09:00  INFO 3466 --- [demo] [    Test worker] org.hibernate.Version                    : HHH000412: Hibernate ORM core version 6.4.4.Final
2024-03-21T13:40:19.444+09:00  INFO 3466 --- [demo] [    Test worker] o.h.c.internal.RegionFactoryInitiator    : HHH000026: Second-level cache disabled
2024-03-21T13:40:19.526+09:00  INFO 3466 --- [demo] [    Test worker] o.s.o.j.p.SpringPersistenceUnitInfo      : No LoadTimeWeaver setup: ignoring JPA class transformer
2024-03-21T13:40:19.537+09:00  INFO 3466 --- [demo] [    Test worker] com.zaxxer.hikari.HikariDataSource       : HikariPool-1 - Starting...
2024-03-21T13:40:19.652+09:00  INFO 3466 --- [demo] [    Test worker] com.zaxxer.hikari.pool.HikariPool        : HikariPool-1 - Added connection com.mysql.cj.jdbc.ConnectionImpl@3b2c8bda
2024-03-21T13:40:19.653+09:00  INFO 3466 --- [demo] [    Test worker] com.zaxxer.hikari.HikariDataSource       : HikariPool-1 - Start completed.
2024-03-21T13:40:19.703+09:00  WARN 3466 --- [demo] [    Test worker] org.hibernate.orm.deprecation            : HHH90000025: MySQL8Dialect does not need to be specified explicitly using 'hibernate.dialect' (remove the property setting and it will be selected by default)
2024-03-21T13:40:19.704+09:00  WARN 3466 --- [demo] [    Test worker] org.hibernate.orm.deprecation            : HHH90000026: MySQL8Dialect has been deprecated; use org.hibernate.dialect.MySQLDialect instead
2024-03-21T13:40:20.037+09:00  INFO 3466 --- [demo] [    Test worker] o.h.e.t.j.p.i.JtaPlatformInitiator       : HHH000489: No JTA platform available (set 'hibernate.transaction.jta.platform' to enable JTA platform integration)
2024-03-21T13:40:20.111+09:00  INFO 3466 --- [demo] [    Test worker] j.LocalContainerEntityManagerFactoryBean : Initialized JPA EntityManagerFactory for persistence unit 'default'
2024-03-21T13:40:20.212+09:00  INFO 3466 --- [demo] [    Test worker] o.s.d.j.r.query.QueryEnhancerFactory     : Hibernate is in classpath; If applicable, HQL parser will be used.
2024-03-21T13:40:20.548+09:00  WARN 3466 --- [demo] [    Test worker] JpaBaseConfiguration$JpaWebConfiguration : spring.jpa.open-in-view is enabled by default. Therefore, database queries may be performed during view rendering. Explicitly configure spring.jpa.open-in-view to disable this warning
2024-03-21T13:40:20.556+09:00  WARN 3466 --- [demo] [    Test worker] .s.s.UserDetailsServiceAutoConfiguration : 

Using generated security password: 46e3b256-f4a3-4e2f-ab54-af639b3f1ccb

This generated password is for development use only. Your security configuration must be updated before running your application in production.

2024-03-21T13:40:20.695+09:00  INFO 3466 --- [demo] [    Test worker] o.s.s.web.DefaultSecurityFilterChain     : Will secure any request with [org.springframework.security.web.session.DisableEncodeUrlFilter@73760b13, org.springframework.security.web.context.request.async.WebAsyncManagerIntegrationFilter@6b5df313, org.springframework.security.web.context.SecurityContextHolderFilter@3afe1020, org.springframework.security.web.header.HeaderWriterFilter@10847aeb, org.springframework.web.filter.CorsFilter@1a6aecec, org.springframework.security.web.authentication.logout.LogoutFilter@7bbd133c, com.example.demo.component.JwtTokenFilter@36b6ce5d, org.springframework.security.web.savedrequest.RequestCacheAwareFilter@563f53d8, org.springframework.security.web.servletapi.SecurityContextHolderAwareRequestFilter@5bb1c104, org.springframework.security.web.authentication.AnonymousAuthenticationFilter@51989b17, org.springframework.security.web.access.ExceptionTranslationFilter@1a48e48e, org.springframework.security.web.access.intercept.AuthorizationFilter@4cda8d3b]
2024-03-21T13:40:20.860+09:00  INFO 3466 --- [demo] [    Test worker] com.example.demo.DemoApplicationTests    : Started DemoApplicationTests in 2.104 seconds (process running for 2.513)
]]></system-out>
  <system-err><![CDATA[]]></system-err>
</testsuite>
